Arguments: 
  C:\Program Files\nodejs\node.exe C:\Users\sytechno\AppData\Roaming\npm\node_modules\yarn\bin\yarn.js init

PATH: 
  C:\ProgramData\DockerDesktop\version-bin;C:\Program Files\Docker\Docker\Resources\bin;C:\Program Files (x86)\Intel\iCLS Client\;C:\Program Files\Intel\iCLS Client\;C:\Program Files (x86)\Common Files\Oracle\Java\javapath;C:\Program Files\NVIDIA GPU Computing Toolkit\CUDA\v9.0\bin;C:\Program Files\NVIDIA GPU Computing Toolkit\CUDA\v9.0\libnvvp;C:\ProgramData\Oracle\Java\javapath;C:\Windows\system32;C:\Windows;C:\Windows\System32\Wbem;C:\Windows\System32\WindowsPowerShell\v1.0\;C:\WINDOWS\system32;C:\WINDOWS;C:\WINDOWS\System32\Wbem;C:\WINDOWS\System32\WindowsPowerShell\v1.0\;C:\Program Files\Geth;C:\WINDOWS\System32\OpenSSH\;C:\composer;C:\Program Files (x86)\NVIDIA Corporation\PhysX\Common;C:\Program Files (x86)\Google\Cloud SDK\google-cloud-sdk\bin;C:\ProgramData\chocolatey\bin;C:\Program Files\dotnet\;C:\Program Files\NVIDIA Corporation\NVIDIA NvDLISR;C:\Program Files\nodejs\;C:\WINDOWS\system32;C:\WINDOWS;C:\WINDOWS\System32\Wbem;C:\WINDOWS\System32\WindowsPowerShell\v1.0\;C:\WINDOWS\System32\OpenSSH\;C:\Program Files (x86)\Intel\Intel(R) Management Engine Components\DAL;C:\Program Files\Intel\Intel(R) Management Engine Components\DAL;C:\Program Files (x86)\Intel\Intel(R) Management Engine Components\IPT;C:\Program Files\Intel\Intel(R) Management Engine Components\IPT;C:\Program Files\Git\cmd;C:\Users\sytechno\Anaconda3;C:\Users\sytechno\Anaconda3\Library\mingw-w64\bin;C:\Users\sytechno\Anaconda3\Library\usr\bin;C:\Users\sytechno\Anaconda3\Library\bin;C:\Users\sytechno\Anaconda3\Scripts;C:\NVIDIA\cuda\bin;C:\apps\flutter\bin;C:\Users\sytechno\AppData\Local\Android\Sdk\platform-tools;C:\apps\terraform;C:\apps\Go\bin;C:\Program Files\Java\jdk-11.0.1\bin;C:\Users\sytechno\AppData\Local\Android\Sdk\tools\bin;C:\Users\sytechno\AppData\Local\Programs\Microsoft VS Code\bin;C:\Users\sytechno\AppData\Roaming\npm;C:\Program Files\Heroku\bin;C:\Users\sytechno\AppData\Local\Microsoft\WindowsApps;C:\Program Files\Docker\Docker;

Yarn version: 
  1.13.0

Node version: 
  10.15.1

Platform: 
  win32 x64

Trace: 
  Error: canceled
      at Interface.<anonymous> (C:\Users\sytechno\AppData\Roaming\npm\node_modules\yarn\lib\cli.js:125657:13)
      at Interface.emit (events.js:189:13)
      at Interface._ttyWrite (readline.js:783:16)
      at ReadStream.onkeypress (readline.js:168:10)
      at ReadStream.emit (events.js:189:13)
      at emitKeys (internal/readline.js:424:14)
      at emitKeys.next (<anonymous>)
      at ReadStream.onData (readline.js:1022:36)
      at ReadStream.emit (events.js:189:13)
      at addChunk (_stream_readable.js:284:12)

npm manifest: 
  No manifest

yarn manifest: 
  No manifest

Lockfile: 
  No lockfile
